2020-08-11 17:27:26.912  INFO [BookService,,,] 65552 --- [main] com.book.BookServiceApplication          : No active profile set, falling back to default profiles: default
2020-08-11 17:27:27.747  INFO [BookService,,,] 65552 --- [main] .s.d.r.c.RepositoryConfigurationDelegate : Bootstrapping Spring Data JPA repositories in DEFERRED mode.
2020-08-11 17:27:27.801  INFO [BookService,,,] 65552 --- [main] .s.d.r.c.RepositoryConfigurationDelegate : Finished Spring Data repository scanning in 48ms. Found 1 JPA repository interfaces.
2020-08-11 17:27:28.128  INFO [BookService,,,] 65552 --- [main] o.s.cloud.context.scope.GenericScope     : BeanFactory id=b79b9630-5818-3186-b1b0-c9f524357a9c
2020-08-11 17:27:28.612  INFO [BookService,,,] 65552 --- [main] o.s.b.w.embedded.tomcat.TomcatWebServer  : Tomcat initialized with port(s): 8090 (http)
2020-08-11 17:27:28.620  INFO [BookService,,,] 65552 --- [main] o.apache.catalina.core.StandardService   : Starting service [Tomcat]
2020-08-11 17:27:28.620  INFO [BookService,,,] 65552 --- [main] org.apache.catalina.core.StandardEngine  : Starting Servlet engine: [Apache Tomcat/9.0.37]
2020-08-11 17:27:28.966  INFO [BookService,,,] 65552 --- [main] org.apache.jasper.servlet.TldScanner     : At least one JAR was scanned for TLDs yet contained no TLDs. Enable debug logging for this logger for a complete list of JARs that were scanned but no TLDs were found in them. Skipping unneeded JARs during scanning can improve startup time and JSP compilation time.
2020-08-11 17:27:28.970  INFO [BookService,,,] 65552 --- [main] o.a.c.c.C.[Tomcat].[localhost].[/]       : Initializing Spring embedded WebApplicationContext
2020-08-11 17:27:28.970  INFO [BookService,,,] 65552 --- [main] w.s.c.ServletWebServerApplicationContext : Root WebApplicationContext: initialization completed in 2048 ms
2020-08-11 17:27:29.071  WARN [BookService,,,] 65552 --- [main] c.n.c.sources.URLConfigurationSource     : No URLs will be polled as dynamic configuration sources.
2020-08-11 17:27:29.071  INFO [BookService,,,] 65552 --- [main] c.n.c.sources.URLConfigurationSource     : To enable URLs as dynamic configuration sources, define System property archaius.configurationSource.additionalUrls or make config.properties available on classpath.
2020-08-11 17:27:29.075  INFO [BookService,,,] 65552 --- [main] c.netflix.config.DynamicPropertyFactory  : DynamicPropertyFactory is initialized with configuration sources: com.netflix.config.ConcurrentCompositeConfiguration@74b00247
2020-08-11 17:27:29.155  WARN [BookService,,,] 65552 --- [main] o.s.boot.actuate.endpoint.EndpointId     : Endpoint ID 'service-registry' contains invalid characters, please migrate to a valid format.
2020-08-11 17:27:29.922  WARN [BookService,,,] 65552 --- [main] o.s.c.s.zipkin2.ZipkinAutoConfiguration  : Check result of the [RestTemplateSender{http://localhost:9411/api/v2/spans}] contains an error [CheckResult{ok=false, error=org.springframework.web.client.ResourceAccessException: I/O error on POST request for "http://localhost:9411/api/v2/spans": connect timed out; nested exception is java.net.SocketTimeoutException: connect timed out}]
2020-08-11 17:27:30.617  INFO [BookService,,,] 65552 --- [main] o.s.s.concurrent.ThreadPoolTaskExecutor  : Initializing ExecutorService 'applicationTaskExecutor'
2020-08-11 17:27:30.643  INFO [BookService,,,] 65552 --- [main] com.zaxxer.hikari.HikariDataSource       : HikariPool-1 - Starting...
2020-08-11 17:27:30.968  INFO [BookService,,,] 65552 --- [main] com.zaxxer.hikari.HikariDataSource       : HikariPool-1 - Start completed.
2020-08-11 17:27:31.006  INFO [BookService,,,] 65552 --- [task-1] o.hibernate.jpa.internal.util.LogHelper  : HHH000204: Processing PersistenceUnitInfo [name: default]
2020-08-11 17:27:31.053  INFO [BookService,,,] 65552 --- [task-1] org.hibernate.Version                    : HHH000412: Hibernate ORM core version 5.4.18.Final
2020-08-11 17:27:31.188  INFO [BookService,,,] 65552 --- [task-1] o.hibernate.annotations.common.Version   : HCANN000001: Hibernate Commons Annotations {5.1.0.Final}
2020-08-11 17:27:31.316  WARN [BookService,,,] 65552 --- [main] JpaBaseConfiguration$JpaWebConfiguration : spring.jpa.open-in-view is enabled by default. Therefore, database queries may be performed during view rendering. Explicitly configure spring.jpa.open-in-view to disable this warning
2020-08-11 17:27:31.318  INFO [BookService,,,] 65552 --- [task-1] org.hibernate.dialect.Dialect            : HHH000400: Using dialect: org.hibernate.dialect.MySQL8Dialect
2020-08-11 17:27:31.489  INFO [BookService,,,] 65552 --- [main] o.s.b.a.e.web.EndpointLinksResolver      : Exposing 1 endpoint(s) beneath base path '/actuator'
2020-08-11 17:27:31.588  INFO [BookService,,,] 65552 --- [main] pertySourcedRequestMappingHandlerMapping : Mapped URL path [/v2/api-docs] onto method [springfox.documentation.swagger2.web.Swagger2Controller#getDocumentation(String, HttpServletRequest)]
2020-08-11 17:27:31.607  WARN [BookService,,,] 65552 --- [main] c.n.c.sources.URLConfigurationSource     : No URLs will be polled as dynamic configuration sources.
2020-08-11 17:27:31.608  INFO [BookService,,,] 65552 --- [main] c.n.c.sources.URLConfigurationSource     : To enable URLs as dynamic configuration sources, define System property archaius.configurationSource.additionalUrls or make config.properties available on classpath.
2020-08-11 17:27:32.013  INFO [BookService,,,] 65552 --- [task-1] o.h.e.t.j.p.i.JtaPlatformInitiator       : HHH000490: Using JtaPlatform implementation: [org.hibernate.engine.transaction.jta.platform.internal.NoJtaPlatform]
2020-08-11 17:27:32.020  INFO [BookService,,,] 65552 --- [task-1] j.LocalContainerEntityManagerFactoryBean : Initialized JPA EntityManagerFactory for persistence unit 'default'
2020-08-11 17:27:32.521  WARN [BookService,,,] 65552 --- [main] ockingLoadBalancerClientRibbonWarnLogger : You already have RibbonLoadBalancerClient on your classpath. It will be used by default. As Spring Cloud Ribbon is in maintenance mode. We recommend switching to BlockingLoadBalancerClient instead. In order to use it, set the value of `spring.cloud.loadbalancer.ribbon.enabled` to `false` or remove spring-cloud-starter-netflix-ribbon from your project.
2020-08-11 17:27:32.826  INFO [BookService,,,] 65552 --- [main] o.s.c.n.eureka.InstanceInfoFactory       : Setting initial instance status as: STARTING
2020-08-11 17:27:32.851  INFO [BookService,,,] 65552 --- [main] com.netflix.discovery.DiscoveryClient    : Initializing Eureka in region us-east-1
2020-08-11 17:27:32.899  INFO [BookService,,,] 65552 --- [main] c.n.d.provider.DiscoveryJerseyProvider   : Using JSON encoding codec LegacyJacksonJson
2020-08-11 17:27:32.910  INFO [BookService,,,] 65552 --- [main] c.n.d.provider.DiscoveryJerseyProvider   : Using JSON decoding codec LegacyJacksonJson
2020-08-11 17:27:33.000  INFO [BookService,,,] 65552 --- [main] c.n.d.provider.DiscoveryJerseyProvider   : Using XML encoding codec XStreamXml
2020-08-11 17:27:33.000  INFO [BookService,,,] 65552 --- [main] c.n.d.provider.DiscoveryJerseyProvider   : Using XML decoding codec XStreamXml
2020-08-11 17:27:33.147  INFO [BookService,,,] 65552 --- [main] c.n.d.s.r.aws.ConfigClusterResolver      : Resolving eureka endpoints via configuration
2020-08-11 17:27:33.217  INFO [BookService,,,] 65552 --- [main] com.netflix.discovery.DiscoveryClient    : Disable delta property : false
2020-08-11 17:27:33.218  INFO [BookService,,,] 65552 --- [main] com.netflix.discovery.DiscoveryClient    : Single vip registry refresh property : null
2020-08-11 17:27:33.218  INFO [BookService,,,] 65552 --- [main] com.netflix.discovery.DiscoveryClient    : Force full registry fetch : false
2020-08-11 17:27:33.218  INFO [BookService,,,] 65552 --- [main] com.netflix.discovery.DiscoveryClient    : Application is null : false
2020-08-11 17:27:33.218  INFO [BookService,,,] 65552 --- [main] com.netflix.discovery.DiscoveryClient    : Registered Applications size is zero : true
2020-08-11 17:27:33.218  INFO [BookService,,,] 65552 --- [main] com.netflix.discovery.DiscoveryClient    : Application version is -1: true
2020-08-11 17:27:33.218  INFO [BookService,,,] 65552 --- [main] com.netflix.discovery.DiscoveryClient    : Getting all instance registry info from the eureka server
2020-08-11 17:27:33.310  INFO [BookService,,,] 65552 --- [main] com.netflix.discovery.DiscoveryClient    : The response status is 200
2020-08-11 17:27:33.312  INFO [BookService,,,] 65552 --- [main] com.netflix.discovery.DiscoveryClient    : Starting heartbeat executor: renew interval is: 30
2020-08-11 17:27:33.314  INFO [BookService,,,] 65552 --- [main] c.n.discovery.InstanceInfoReplicator     : InstanceInfoReplicator onDemand update allowed rate per min is 4
2020-08-11 17:27:33.317  INFO [BookService,,,] 65552 --- [main] com.netflix.discovery.DiscoveryClient    : Discovery Client initialized at timestamp 1597147053316 with initial instances count: 1
2020-08-11 17:27:33.324  INFO [BookService,,,] 65552 --- [main] o.s.c.n.e.s.EurekaServiceRegistry        : Registering application BOOKSERVICE with eureka with status UP
2020-08-11 17:27:33.325  INFO [BookService,,,] 65552 --- [main] com.netflix.discovery.DiscoveryClient    : Saw local status change event StatusChangeEvent [timestamp=1597147053325, current=UP, previous=STARTING]
2020-08-11 17:27:33.326  INFO [BookService,,,] 65552 --- [DiscoveryClient-InstanceInfoReplicator-0] com.netflix.discovery.DiscoveryClient    : DiscoveryClient_BOOKSERVICE/EPINHYDW011B.princeton.epam.com:BookService:8090: registering service...
2020-08-11 17:27:33.354  INFO [BookService,,,] 65552 --- [main] o.s.b.w.embedded.tomcat.TomcatWebServer  : Tomcat started on port(s): 8090 (http) with context path ''
2020-08-11 17:27:33.355  INFO [BookService,,,] 65552 --- [main] .s.c.n.e.s.EurekaAutoServiceRegistration : Updating port to 8090
2020-08-11 17:27:33.360  INFO [BookService,,,] 65552 --- [DiscoveryClient-InstanceInfoReplicator-0] com.netflix.discovery.DiscoveryClient    : DiscoveryClient_BOOKSERVICE/EPINHYDW011B.princeton.epam.com:BookService:8090 - registration status: 204
2020-08-11 17:27:33.448  INFO [BookService,,,] 65552 --- [main] d.s.w.p.DocumentationPluginsBootstrapper : Context refreshed
2020-08-11 17:27:33.461  INFO [BookService,,,] 65552 --- [main] d.s.w.p.DocumentationPluginsBootstrapper : Found 1 custom documentation plugin(s)
2020-08-11 17:27:33.494  INFO [BookService,,,] 65552 --- [main] s.d.s.w.s.ApiListingReferenceScanner     : Scanning for api listing references
2020-08-11 17:27:33.590  INFO [BookService,,,] 65552 --- [main] DeferredRepositoryInitializationListener : Triggering deferred initialization of Spring Data repositories…
2020-08-11 17:27:33.802  INFO [BookService,,,] 65552 --- [main] DeferredRepositoryInitializationListener : Spring Data repositories initialized!
2020-08-11 17:27:33.819  INFO [BookService,,,] 65552 --- [main] com.book.BookServiceApplication          : Started BookServiceApplication in 8.554 seconds (JVM running for 9.554)
2020-08-11 17:28:38.982  INFO [BookService,,,] 65552 --- [http-nio-8090-exec-1] o.a.c.c.C.[Tomcat].[localhost].[/]       : Initializing Spring DispatcherServlet 'dispatcherServlet'
2020-08-11 17:28:38.982  INFO [BookService,,,] 65552 --- [http-nio-8090-exec-1] o.s.web.servlet.DispatcherServlet        : Initializing Servlet 'dispatcherServlet'
2020-08-11 17:28:38.997  INFO [BookService,,,] 65552 --- [http-nio-8090-exec-1] o.s.web.servlet.DispatcherServlet        : Completed initialization in 15 ms
2020-08-11 17:28:39.035  INFO [BookService,520eebf1b00248c2,3a1099a3915fbcbd,true] 65552 --- [http-nio-8090-exec-1] com.book.service.BookService             : Get All Book Meth
2020-08-11 17:28:41.124  WARN [BookService,,,] 65552 --- [AsyncReporter{RestTemplateSender{http://localhost:9411/api/v2/spans}}] z.r.AsyncReporter$BoundedAsyncReporter   : Spans were dropped due to exceptions. All subsequent errors will be logged at FINE level.
2020-08-11 17:28:41.128  WARN [BookService,,,] 65552 --- [AsyncReporter{RestTemplateSender{http://localhost:9411/api/v2/spans}}] z.r.AsyncReporter$BoundedAsyncReporter   : Dropped 1 spans due to ResourceAccessException(I/O error on POST request for "http://localhost:9411/api/v2/spans": connect timed out; nested exception is java.net.SocketTimeoutException: connect timed out)

org.springframework.web.client.ResourceAccessException: I/O error on POST request for "http://localhost:9411/api/v2/spans": connect timed out; nested exception is java.net.SocketTimeoutException: connect timed out
	at org.springframework.web.client.RestTemplate.doExecute(RestTemplate.java:748) ~[spring-web-5.2.8.RELEASE.jar:5.2.8.RELEASE]
	at org.springframework.cloud.sleuth.zipkin2.sender.ZipkinRestTemplateWrapper.doExecute(ZipkinRestTemplateSenderConfiguration.java:228) ~[spring-cloud-sleuth-zipkin-2.2.4.RELEASE.jar:2.2.4.RELEASE]
	at org.springframework.web.client.RestTemplate.exchange(RestTemplate.java:641) ~[spring-web-5.2.8.RELEASE.jar:5.2.8.RELEASE]
	at org.springframework.cloud.sleuth.zipkin2.sender.RestTemplateSender.post(RestTemplateSender.java:129) ~[spring-cloud-sleuth-zipkin-2.2.4.RELEASE.jar:2.2.4.RELEASE]
	at org.springframework.cloud.sleuth.zipkin2.sender.RestTemplateSender$HttpPostCall.doExecute(RestTemplateSender.java:147) ~[spring-cloud-sleuth-zipkin-2.2.4.RELEASE.jar:2.2.4.RELEASE]
	at org.springframework.cloud.sleuth.zipkin2.sender.RestTemplateSender$HttpPostCall.doExecute(RestTemplateSender.java:137) ~[spring-cloud-sleuth-zipkin-2.2.4.RELEASE.jar:2.2.4.RELEASE]
	at zipkin2.Call$Base.execute(Call.java:380) ~[zipkin-2.21.1.jar:na]
	at zipkin2.reporter.AsyncReporter$BoundedAsyncReporter.flush(AsyncReporter.java:299) ~[zipkin-reporter-2.15.0.jar:na]
	at zipkin2.reporter.AsyncReporter$Flusher.run(AsyncReporter.java:378) [zipkin-reporter-2.15.0.jar:na]
	at java.lang.Thread.run(Unknown Source) [na:1.8.0_181]
Caused by: java.net.SocketTimeoutException: connect timed out
	at java.net.DualStackPlainSocketImpl.waitForConnect(Native Method) ~[na:1.8.0_181]
	at java.net.DualStackPlainSocketImpl.socketConnect(Unknown Source) ~[na:1.8.0_181]
	at java.net.AbstractPlainSocketImpl.doConnect(Unknown Source) ~[na:1.8.0_181]
	at java.net.AbstractPlainSocketImpl.connectToAddress(Unknown Source) ~[na:1.8.0_181]
	at java.net.AbstractPlainSocketImpl.connect(Unknown Source) ~[na:1.8.0_181]
	at java.net.PlainSocketImpl.connect(Unknown Source) ~[na:1.8.0_181]
	at java.net.SocksSocketImpl.connect(Unknown Source) ~[na:1.8.0_181]
	at java.net.Socket.connect(Unknown Source) ~[na:1.8.0_181]
	at sun.net.NetworkClient.doConnect(Unknown Source) ~[na:1.8.0_181]
	at sun.net.www.http.HttpClient.openServer(Unknown Source) ~[na:1.8.0_181]
	at sun.net.www.http.HttpClient.openServer(Unknown Source) ~[na:1.8.0_181]
	at sun.net.www.http.HttpClient.<init>(Unknown Source) ~[na:1.8.0_181]
	at sun.net.www.http.HttpClient.New(Unknown Source) ~[na:1.8.0_181]
	at sun.net.www.http.HttpClient.New(Unknown Source) ~[na:1.8.0_181]
	at sun.net.www.protocol.http.HttpURLConnection.getNewHttpClient(Unknown Source) ~[na:1.8.0_181]
	at sun.net.www.protocol.http.HttpURLConnection.plainConnect0(Unknown Source) ~[na:1.8.0_181]
	at sun.net.www.protocol.http.HttpURLConnection.plainConnect(Unknown Source) ~[na:1.8.0_181]
	at sun.net.www.protocol.http.HttpURLConnection.connect(Unknown Source) ~[na:1.8.0_181]
	at org.springframework.http.client.SimpleBufferingClientHttpRequest.executeInternal(SimpleBufferingClientHttpRequest.java:76) ~[spring-web-5.2.8.RELEASE.jar:5.2.8.RELEASE]
	at org.springframework.http.client.AbstractBufferingClientHttpRequest.executeInternal(AbstractBufferingClientHttpRequest.java:48) ~[spring-web-5.2.8.RELEASE.jar:5.2.8.RELEASE]
	at org.springframework.http.client.AbstractClientHttpRequest.execute(AbstractClientHttpRequest.java:53) ~[spring-web-5.2.8.RELEASE.jar:5.2.8.RELEASE]
	at org.springframework.web.client.RestTemplate.doExecute(RestTemplate.java:739) ~[spring-web-5.2.8.RELEASE.jar:5.2.8.RELEASE]
	... 9 common frames omitted

2020-08-11 17:32:33.222  INFO [BookService,,,] 65552 --- [AsyncResolver-bootstrap-executor-0] c.n.d.s.r.aws.ConfigClusterResolver      : Resolving eureka endpoints via configuration
2020-08-11 17:37:33.226  INFO [BookService,,,] 65552 --- [AsyncResolver-bootstrap-executor-0] c.n.d.s.r.aws.ConfigClusterResolver      : Resolving eureka endpoints via configuration
2020-08-11 17:42:33.230  INFO [BookService,,,] 65552 --- [AsyncResolver-bootstrap-executor-0] c.n.d.s.r.aws.ConfigClusterResolver      : Resolving eureka endpoints via configuration
2020-08-11 17:47:33.235  INFO [BookService,,,] 65552 --- [AsyncResolver-bootstrap-executor-0] c.n.d.s.r.aws.ConfigClusterResolver      : Resolving eureka endpoints via configuration
2020-08-11 17:52:33.240  INFO [BookService,,,] 65552 --- [AsyncResolver-bootstrap-executor-0] c.n.d.s.r.aws.ConfigClusterResolver      : Resolving eureka endpoints via configuration
2020-08-11 17:57:33.246  INFO [BookService,,,] 65552 --- [AsyncResolver-bootstrap-executor-0] c.n.d.s.r.aws.ConfigClusterResolver      : Resolving eureka endpoints via configuration
2020-08-11 17:58:15.207  INFO [BookService,,,] 65552 --- [RMI TCP Connection(2)-127.0.0.1] inMXBeanRegistrar$SpringApplicationAdmin : Application shutdown requested.
2020-08-11 17:58:15.208  INFO [BookService,,,] 65552 --- [RMI TCP Connection(2)-127.0.0.1] o.s.c.n.e.s.EurekaServiceRegistry        : Unregistering application BOOKSERVICE with eureka with status DOWN
2020-08-11 17:58:15.208  WARN [BookService,,,] 65552 --- [RMI TCP Connection(2)-127.0.0.1] com.netflix.discovery.DiscoveryClient    : Saw local status change event StatusChangeEvent [timestamp=1597148895208, current=DOWN, previous=UP]
2020-08-11 17:58:15.208  INFO [BookService,,,] 65552 --- [DiscoveryClient-InstanceInfoReplicator-0] com.netflix.discovery.DiscoveryClient    : DiscoveryClient_BOOKSERVICE/EPINHYDW011B.princeton.epam.com:BookService:8090: registering service...
2020-08-11 17:58:15.213  INFO [BookService,,,] 65552 --- [DiscoveryClient-InstanceInfoReplicator-0] com.netflix.discovery.DiscoveryClient    : DiscoveryClient_BOOKSERVICE/EPINHYDW011B.princeton.epam.com:BookService:8090 - registration status: 204
2020-08-11 17:58:15.260  INFO [BookService,,,] 65552 --- [RMI TCP Connection(2)-127.0.0.1] o.apache.catalina.core.StandardService   : Stopping service [Tomcat]
2020-08-11 17:58:15.262  INFO [BookService,,,] 65552 --- [RMI TCP Connection(2)-127.0.0.1] o.a.c.c.C.[Tomcat].[localhost].[/]       : Destroying Spring FrameworkServlet 'dispatcherServlet'
2020-08-11 17:58:15.265  WARN [BookService,,,] 65552 --- [RMI TCP Connection(2)-127.0.0.1] o.a.c.loader.WebappClassLoaderBase       : The web application [ROOT] appears to have started a thread named [spring.cloud.inetutils] but has failed to stop it. This is very likely to create a memory leak. Stack trace of thread:
 sun.misc.Unsafe.park(Native Method)
 java.util.concurrent.locks.LockSupport.park(Unknown Source)
 java.util.concurrent.locks.AbstractQueuedSynchronizer$ConditionObject.await(Unknown Source)
 java.util.concurrent.LinkedBlockingQueue.take(Unknown Source)
 java.util.concurrent.ThreadPoolExecutor.getTask(Unknown Source)
 java.util.concurrent.ThreadPoolExecutor.runWorker(Unknown Source)
 java.util.concurrent.ThreadPoolExecutor$Worker.run(Unknown Source)
 java.lang.Thread.run(Unknown Source)
2020-08-11 17:58:15.266  WARN [BookService,,,] 65552 --- [RMI TCP Connection(2)-127.0.0.1] o.a.c.loader.WebappClassLoaderBase       : The web application [ROOT] appears to have started a thread named [AsyncReporter{RestTemplateSender{http://localhost:9411/api/v2/spans}}] but has failed to stop it. This is very likely to create a memory leak. Stack trace of thread:
 sun.misc.Unsafe.park(Native Method)
 java.util.concurrent.locks.LockSupport.parkNanos(Unknown Source)
 java.util.concurrent.locks.AbstractQueuedSynchronizer$ConditionObject.awaitNanos(Unknown Source)
 zipkin2.reporter.ByteBoundedQueue.drainTo(ByteBoundedQueue.java:81)
 zipkin2.reporter.AsyncReporter$BoundedAsyncReporter.flush(AsyncReporter.java:270)
 zipkin2.reporter.AsyncReporter$Flusher.run(AsyncReporter.java:378)
 java.lang.Thread.run(Unknown Source)
2020-08-11 17:58:15.277  INFO [BookService,,,] 65552 --- [RMI TCP Connection(2)-127.0.0.1] j.LocalContainerEntityManagerFactoryBean : Closing JPA EntityManagerFactory for persistence unit 'default'
2020-08-11 17:58:15.279  INFO [BookService,,,] 65552 --- [RMI TCP Connection(2)-127.0.0.1] o.s.s.concurrent.ThreadPoolTaskExecutor  : Shutting down ExecutorService 'applicationTaskExecutor'
2020-08-11 17:58:16.062  INFO [BookService,,,] 65552 --- [RMI TCP Connection(2)-127.0.0.1] com.netflix.discovery.DiscoveryClient    : Shutting down DiscoveryClient ...
